<?xml version="1.0" encoding="UTF-8"?>
<!-- Generated by org.testng.reporters.JUnitReportReporter -->
<testsuite hostname="Rupalis-MacBook-Pro.local" failures="0" tests="2" name="com.samsung.qa.testcases.MapSearchTest" time="40.014" errors="0" timestamp="2023-02-21T14:41:44 GMT-08:00" skipped="0">
  <testcase classname="com.samsung.qa.testcases.MapSearchTest" name="coordinatesTest" time="8.435"/>
  <system-out/>
  <testcase classname="com.samsung.qa.testcases.MapSearchTest" name="coordinatesTest" time="31.579"/>
  <system-out/>
</testsuite> <!-- com.samsung.qa.testcases.MapSearchTest -->
