<?xml version="1.0" encoding="UTF-8"?>
<!-- Generated by org.testng.reporters.JUnitReportReporter -->
<testsuite hostname="Rupalis-MacBook-Pro.local" failures="0" tests="1" name="com.samsung.qa.testcases.DemoTest" time="3.853" errors="0" timestamp="2023-02-19T13:31:26 GMT-08:00" skipped="0">
  <testcase classname="com.samsung.qa.testcases.DemoTest" name="add" time="3.853"/>
  <system-out/>
</testsuite> <!-- com.samsung.qa.testcases.DemoTest -->
