<?xml version="1.0" encoding="UTF-8"?>
<!-- Generated by org.testng.reporters.JUnitReportReporter -->
<testsuite hostname="Rupalis-MacBook-Pro.local" failures="0" tests="1" name="com.samsung.qa.testcases.MapSearchTest" time="353.672" errors="0" timestamp="2023-02-18T16:35:59 GMT-08:00" skipped="0">
  <testcase classname="com.samsung.qa.testcases.MapSearchTest" name="coordinatesTest" time="353.672"/>
  <system-out/>
</testsuite> <!-- com.samsung.qa.testcases.MapSearchTest -->
