<?xml version="1.0" encoding="UTF-8"?>
<!-- Generated by org.testng.reporters.JUnitReportReporter -->
<testsuite hostname="Rupalis-MacBook-Pro.local" failures="0" tests="2" name="com.samsung.qa.testcases.DemoTest" time="0.011" errors="0" timestamp="2023-02-17T22:08:53 GMT-08:00" skipped="0">
  <testcase classname="com.samsung.qa.testcases.DemoTest" name="sub" time="0.002"/>
  <system-out/>
  <testcase classname="com.samsung.qa.testcases.DemoTest" name="add" time="0.009"/>
  <system-out/>
</testsuite> <!-- com.samsung.qa.testcases.DemoTest -->
