<?xml version="1.0" encoding="UTF-8"?>
<!-- Generated by org.testng.reporters.JUnitReportReporter -->
<testsuite hostname="Rupalis-MacBook-Pro.local" failures="0" tests="2" name="com.samsung.qa.testcases.MapSearchTest" time="39.454" errors="0" timestamp="2023-02-18T22:31:22 GMT-08:00" skipped="0">
  <testcase classname="com.samsung.qa.testcases.MapSearchTest" name="coordinatesTest" time="8.388"/>
  <system-out/>
  <testcase classname="com.samsung.qa.testcases.MapSearchTest" name="coordinatesTest" time="31.066"/>
  <system-out/>
</testsuite> <!-- com.samsung.qa.testcases.MapSearchTest -->
