<?xml version="1.0" encoding="UTF-8"?>
<!-- Generated by org.testng.reporters.JUnitReportReporter -->
<testsuite hostname="Rupalis-MacBook-Pro.local" failures="0" tests="3" name="com.samsung.qa.testcases.MapSearchTest" time="42.440" errors="0" timestamp="2023-02-20T09:55:11 GMT-08:00" skipped="1">
  <testcase classname="com.samsung.qa.testcases.MapSearchTest" name="coordinatesTest" time="7.379"/>
  <system-out/>
  <testcase classname="com.samsung.qa.testcases.MapSearchTest" name="coordinatesTest" time="35.061"/>
  <system-out/>
  <testcase classname="com.samsung.qa.testcases.MapSearchTest" name="geolocationCoordinatesTest">
    <skipped/>
  </testcase> <!-- geolocationCoordinatesTest -->
  <system-out/>
</testsuite> <!-- com.samsung.qa.testcases.MapSearchTest -->
