<?xml version="1.0" encoding="UTF-8"?>
<!-- Generated by org.testng.reporters.JUnitReportReporter -->
<testsuite hostname="Rupalis-MacBook-Pro.local" failures="0" tests="3" name="com.samsung.qa.testcases.MapSearchTest" time="39.632" errors="0" timestamp="2023-02-19T15:46:29 GMT-08:00" skipped="1">
  <testcase classname="com.samsung.qa.testcases.MapSearchTest" name="coordinatesTest" time="31.871"/>
  <system-out/>
  <testcase classname="com.samsung.qa.testcases.MapSearchTest" name="coordinatesTest" time="7.761"/>
  <system-out/>
  <testcase classname="com.samsung.qa.testcases.MapSearchTest" name="geolocationCoordinatesTest">
    <skipped/>
  </testcase> <!-- geolocationCoordinatesTest -->
  <system-out/>
</testsuite> <!-- com.samsung.qa.testcases.MapSearchTest -->
